-------------------------------------------------------------------------------
Test set: TestSuite
-------------------------------------------------------------------------------
Tests run: 13, Failures: 1, Errors: 0, Skipped: 0, Time elapsed: 60.481 s <<< FAILURE! - in TestSuite
runScenario(testRunners.TestRunner)  Time elapsed: 0.703 s  <<< FAILURE!
java.lang.AssertionError: expected [Rahul Shetty Academy123] but found [Rahul Shetty Academy]

